<?xml version="1.0" encoding="UTF-8"?>
<!-- Generated by org.testng.reporters.JUnitReportReporter -->
<testsuite hostname="Anand_Singh" failures="0" tests="1" name="tests.testContactPage" time="114.998" errors="0" timestamp="2025-09-09T00:31:45 IST" skipped="0">
  <testcase classname="tests.testContactPage" name="contactPage" time="114.998"/>
</testsuite> <!-- tests.testContactPage -->
